<?xml version="1.0" encoding="utf-8"?><testsuites name="pytest tests"><testsuite name="pytest" errors="0" failures="0" skipped="0" tests="100" time="3.207" timestamp="2026-07-30T00:29:29.811249+05:30" hostname="AkashASUSvb16x"><testcase classname="appium_android.test_appium_e2e.TestAppiumAndroidE2E" name="test_ob_1_logo_render" time="0.511" /><testcase classname="appium_android.test_appium_e2e.TestAppiumAndroidE2E" name="test_ob_2_title_font" time="0.002" /><testcase classname="appium_android.test_appium_e2e.TestAppiumAndroidE2E" name="test_ob_3_desc_font" time="0.002" /><testcase classname="appium_android.test_appium_e2e.TestAppiumAndroidE2E" name="test_ob_4_skip_btn_presence" time="0.002" /><testcase classname="appium_android.test_appium_e2e.TestAppiumAndroidE2E" name="test_ob_5_skip_btn_enabled" time="0.002" /><testcase classname="appium_android.test_appium_e2e.TestAppiumAndroidE2E" name="test_ob_6_next_btn_presence" time="0.001" /><testcase classname="appium_android.test_appium_e2e.TestAppiumAndroidE2E" name="test_ob_7_next_btn_enabled" time="0.002" /><testcase classname="appium_android.test_appium_e2e.TestAppiumAndroidE2E" name="test_ob_8_first_dot_highlight" time="0.002" /><testcase classname="appium_android.test_appium_e2e.TestAppiumAndroidE2E" name="test_ob_9_swipe_slide_2" time="0.103" /><testcase classname="appium_android.test_appium_e2e.TestAppiumAndroidE2E" name="test_ob_10_second_dot_highlight" time="0.001" /><testcase classname="appium_android.test_appium_e2e.TestAppiumAndroidE2E" name="test_ob_11_slide_2_text_match" time="0.002" /><testcase classname="appium_android.test_appium_e2e.TestAppiumAndroidE2E" name="test_ob_12_slide_2_skip_btn" time="0.002" /><testcase classname="appium_android.test_appium_e2e.TestAppiumAndroidE2E" name="test_ob_13_swipe_slide_3" time="0.102" /><testcase classname="appium_android.test_appium_e2e.TestAppiumAndroidE2E" name="test_ob_14_third_dot_highlight" time="0.001" /><testcase classname="appium_android.test_appium_e2e.TestAppiumAndroidE2E" name="test_ob_15_slide_3_desc" time="0.001" /><testcase classname="appium_android.test_appium_e2e.TestAppiumAndroidE2E" name="test_ob_16_get_started_btn" time="0.001" /><testcase classname="appium_android.test_appium_e2e.TestAppiumAndroidE2E" name="test_ob_17_get_started_enabled" time="0.002" /><testcase classname="appium_android.test_appium_e2e.TestAppiumAndroidE2E" name="test_ob_18_get_started_click" time="0.103" /><testcase classname="appium_android.test_appium_e2e.TestAppiumAndroidE2E" name="test_ob_19_splash_screen_indicator" time="0.001" /><testcase classname="appium_android.test_appium_e2e.TestAppiumAndroidE2E" name="test_ob_20_splash_loading_bar" time="0.003" /><testcase classname="appium_android.test_appium_e2e.TestAppiumAndroidE2E" name="test_au_1_login_title_render" time="0.001" /><testcase classname="appium_android.test_appium_e2e.TestAppiumAndroidE2E" name="test_au_2_subtitle_render" time="0.002" /><testcase classname="appium_android.test_appium_e2e.TestAppiumAndroidE2E" name="test_au_3_decorative_divider" time="0.001" /><testcase classname="appium_android.test_appium_e2e.TestAppiumAndroidE2E" name="test_au_4_email_textbox" time="0.002" /><testcase classname="appium_android.test_appium_e2e.TestAppiumAndroidE2E" name="test_au_5_email_prefix_icon" time="0.002" /><testcase classname="appium_android.test_appium_e2e.TestAppiumAndroidE2E" name="test_au_6_password_textbox" time="0.001" /><testcase classname="appium_android.test_appium_e2e.TestAppiumAndroidE2E" name="test_au_7_password_prefix_icon" time="0.002" /><testcase classname="appium_android.test_appium_e2e.TestAppiumAndroidE2E" name="test_au_8_forgot_password_btn" time="0.002" /><testcase classname="appium_android.test_appium_e2e.TestAppiumAndroidE2E" name="test_au_9_login_btn" time="0.002" /><testcase classname="appium_android.test_appium_e2e.TestAppiumAndroidE2E" name="test_au_10_google_auth_sso" time="0.001" /><testcase classname="appium_android.test_appium_e2e.TestAppiumAndroidE2E" name="test_au_11_toggle_create_account" time="0.102" /><testcase classname="appium_android.test_appium_e2e.TestAppiumAndroidE2E" name="test_au_12_signup_header" time="0.002" /><testcase classname="appium_android.test_appium_e2e.TestAppiumAndroidE2E" name="test_au_13_signup_email_textbox" time="0.002" /><testcase classname="appium_android.test_appium_e2e.TestAppiumAndroidE2E" name="test_au_14_signup_password_textbox" time="0.001" /><testcase classname="appium_android.test_appium_e2e.TestAppiumAndroidE2E" name="test_au_15_signup_submit_btn" time="0.002" /><testcase classname="appium_android.test_appium_e2e.TestAppiumAndroidE2E" name="test_au_16_toggle_back_login" time="0.102" /><testcase classname="appium_android.test_appium_e2e.TestAppiumAndroidE2E" name="test_au_17_privacy_link" time="0.001" /><testcase classname="appium_android.test_appium_e2e.TestAppiumAndroidE2E" name="test_au_18_terms_link" time="0.001" /><testcase classname="appium_android.test_appium_e2e.TestAppiumAndroidE2E" name="test_au_19_legal_dialog_dismiss" time="0.001" /><testcase classname="appium_android.test_appium_e2e.TestAppiumAndroidE2E" name="test_au_20_oauth_logo_render" time="0.002" /><testcase classname="appium_android.test_appium_e2e.TestAppiumAndroidE2E" name="test_au_21_forgot_password_dialog_open" time="0.002" /><testcase classname="appium_android.test_appium_e2e.TestAppiumAndroidE2E" name="test_au_22_forgot_password_email_input" time="0.002" /><testcase classname="appium_android.test_appium_e2e.TestAppiumAndroidE2E" name="test_au_23_forgot_password_submit" time="0.002" /><testcase classname="appium_android.test_appium_e2e.TestAppiumAndroidE2E" name="test_au_24_auth_mode_toggle_styling" time="0.003" /><testcase classname="appium_android.test_appium_e2e.TestAppiumAndroidE2E" name="test_au_25_login_validation_blank" time="0.002" /><testcase classname="appium_android.test_appium_e2e.TestAppiumAndroidE2E" name="test_nv_1_scanner_tab" time="0.105" /><testcase classname="appium_android.test_appium_e2e.TestAppiumAndroidE2E" name="test_nv_2_new_rti_tab" time="0.102" /><testcase classname="appium_android.test_appium_e2e.TestAppiumAndroidE2E" name="test_nv_3_history_tab" time="0.104" /><testcase classname="appium_android.test_appium_e2e.TestAppiumAndroidE2E" name="test_nv_4_assistant_tab" time="0.102" /><testcase classname="appium_android.test_appium_e2e.TestAppiumAndroidE2E" name="test_nv_5_profile_tab" time="0.102" /><testcase classname="appium_android.test_appium_e2e.TestAppiumAndroidE2E" name="test_nv_6_reminders_bell_icon" time="0.001" /><testcase classname="appium_android.test_appium_e2e.TestAppiumAndroidE2E" name="test_nv_7_logout_appbar_icon" time="0.001" /><testcase classname="appium_android.test_appium_e2e.TestAppiumAndroidE2E" name="test_nv_8_logout_alert_dialog" time="0.102" /><testcase classname="appium_android.test_appium_e2e.TestAppiumAndroidE2E" name="test_nv_9_logout_cancel_click" time="0.102" /><testcase classname="appium_android.test_appium_e2e.TestAppiumAndroidE2E" name="test_nv_10_appbar_text_title" time="0.002" /><testcase classname="appium_android.test_appium_e2e.TestAppiumAndroidE2E" name="test_nv_11_tab_bar_icons" time="0.002" /><testcase classname="appium_android.test_appium_e2e.TestAppiumAndroidE2E" name="test_nv_12_reminders_modal_loaded" time="0.002" /><testcase classname="appium_android.test_appium_e2e.TestAppiumAndroidE2E" name="test_nv_13_reminders_back_click" time="0.002" /><testcase classname="appium_android.test_appium_e2e.TestAppiumAndroidE2E" name="test_nv_14_profile_indicator" time="0.002" /><testcase classname="appium_android.test_appium_e2e.TestAppiumAndroidE2E" name="test_nv_15_tab_index_state" time="0.002" /><testcase classname="appium_android.test_appium_e2e.TestAppiumAndroidE2E" name="test_rt_1_lang_selector" time="0.102" /><testcase classname="appium_android.test_appium_e2e.TestAppiumAndroidE2E" name="test_rt_2_change_to_hindi" time="0.001" /><testcase classname="appium_android.test_appium_e2e.TestAppiumAndroidE2E" name="test_rt_3_pio_list" time="0.001" /><testcase classname="appium_android.test_appium_e2e.TestAppiumAndroidE2E" name="test_rt_4_select_rto_pio" time="0.002" /><testcase classname="appium_android.test_appium_e2e.TestAppiumAndroidE2E" name="test_rt_5_speech_mic_btn" time="0.002" /><testcase classname="appium_android.test_appium_e2e.TestAppiumAndroidE2E" name="test_rt_6_photo_selector_btn" time="0.002" /><testcase classname="appium_android.test_appium_e2e.TestAppiumAndroidE2E" name="test_rt_7_details_textbox" time="0.002" /><testcase classname="appium_android.test_appium_e2e.TestAppiumAndroidE2E" name="test_rt_8_submit_draft_btn" time="0.002" /><testcase classname="appium_android.test_appium_e2e.TestAppiumAndroidE2E" name="test_rt_9_lang_tamil_select" time="0.002" /><testcase classname="appium_android.test_appium_e2e.TestAppiumAndroidE2E" name="test_rt_10_pio_chennai_metro_select" time="0.002" /><testcase classname="appium_android.test_appium_e2e.TestAppiumAndroidE2E" name="test_rt_11_attaching_photo_flow" time="0.002" /><testcase classname="appium_android.test_appium_e2e.TestAppiumAndroidE2E" name="test_rt_12_typing_prompt_details" time="0.002" /><testcase classname="appium_android.test_appium_e2e.TestAppiumAndroidE2E" name="test_rt_13_mic_toggle_flow" time="0.006" /><testcase classname="appium_android.test_appium_e2e.TestAppiumAndroidE2E" name="test_rt_14_submit_generates_request" time="0.002" /><testcase classname="appium_android.test_appium_e2e.TestAppiumAndroidE2E" name="test_rt_15_lang_dropdown_items_count" time="0.002" /><testcase classname="appium_android.test_appium_e2e.TestAppiumAndroidE2E" name="test_pr_1_user_avatar" time="0.102" /><testcase classname="appium_android.test_appium_e2e.TestAppiumAndroidE2E" name="test_pr_2_full_name_input" time="0.002" /><testcase classname="appium_android.test_appium_e2e.TestAppiumAndroidE2E" name="test_pr_3_mobile_input" time="0.001" /><testcase classname="appium_android.test_appium_e2e.TestAppiumAndroidE2E" name="test_pr_4_state_input" time="0.001" /><testcase classname="appium_android.test_appium_e2e.TestAppiumAndroidE2E" name="test_pr_5_address_input" time="0.001" /><testcase classname="appium_android.test_appium_e2e.TestAppiumAndroidE2E" name="test_pr_6_language_selector" time="0.001" /><testcase classname="appium_android.test_appium_e2e.TestAppiumAndroidE2E" name="test_pr_7_save_profile_button" time="0.002" /><testcase classname="appium_android.test_appium_e2e.TestAppiumAndroidE2E" name="test_pr_8_validation_mandatory_asterisk" time="0.002" /><testcase classname="appium_android.test_appium_e2e.TestAppiumAndroidE2E" name="test_pr_9_address_field_multiline" time="0.001" /><testcase classname="appium_android.test_appium_e2e.TestAppiumAndroidE2E" name="test_pr_10_state_field_selection" time="0.002" /><testcase classname="appium_android.test_appium_e2e.TestAppiumAndroidE2E" name="test_pr_11_save_clicks_triggers_state" time="0.103" /><testcase classname="appium_android.test_appium_e2e.TestAppiumAndroidE2E" name="test_pr_12_legal_policy_item" time="0.001" /><testcase classname="appium_android.test_appium_e2e.TestAppiumAndroidE2E" name="test_pr_13_avatar_icon_renders" time="0.002" /><testcase classname="appium_android.test_appium_e2e.TestAppiumAndroidE2E" name="test_pr_14_mobile_number_validation_pass" time="0.001" /><testcase classname="appium_android.test_appium_e2e.TestAppiumAndroidE2E" name="test_pr_15_mobile_number_validation_fail" time="0.001" /><testcase classname="appium_android.test_appium_e2e.TestAppiumAndroidE2E" name="test_as_1_welcome_message" time="0.102" /><testcase classname="appium_android.test_appium_e2e.TestAppiumAndroidE2E" name="test_as_2_session_title_header" time="0.001" /><testcase classname="appium_android.test_appium_e2e.TestAppiumAndroidE2E" name="test_as_3_history_icon" time="0.001" /><testcase classname="appium_android.test_appium_e2e.TestAppiumAndroidE2E" name="test_as_4_new_chat_icon" time="0.001" /><testcase classname="appium_android.test_appium_e2e.TestAppiumAndroidE2E" name="test_as_5_chat_input_textfield" time="0.002" /><testcase classname="appium_android.test_appium_e2e.TestAppiumAndroidE2E" name="test_as_6_chat_mic_speech_icon" time="0.002" /><testcase classname="appium_android.test_appium_e2e.TestAppiumAndroidE2E" name="test_as_7_chat_send_icon" time="0.002" /><testcase classname="appium_android.test_appium_e2e.TestAppiumAndroidE2E" name="test_as_8_conversations_persistence_save" time="0.001" /><testcase classname="appium_android.test_appium_e2e.TestAppiumAndroidE2E" name="test_as_9_conversations_past_history_sheet" time="0.203" /><testcase classname="appium_android.test_appium_e2e.TestAppiumAndroidE2E" name="test_df_1_profile_auto_fill_mapping" time="0.303" /></testsuite></testsuites>